[11:56:12] [ServerMain/INFO]: [bootstrap] Running Java 21 (OpenJDK 64-Bit Server VM 21.0.11+10-LTS; Eclipse Adoptium Temurin-21.0.11+10) on Linux 6.17.0-1015-azure (amd64)
[11:56:12] [ServerMain/INFO]: [bootstrap] Loading Paper 1.21.4-232-ver/1.21.4@12d8fe0 (2025-06-09T10:15:42Z) for Minecraft 1.21.4
[11:56:13] [ServerMain/INFO]: [PluginInitializerManager] Initializing plugins...
[11:56:13] [ServerMain/INFO]: [PluginInitializerManager] Initialized 0 plugins
[11:56:13] [Paper Plugin Remapper Thread - 1/INFO]: [ReobfServer] Remapping server...
[11:56:20] [ServerMain/INFO]: Environment: Environment[sessionHost=https://sessionserver.mojang.com, servicesHost=https://api.minecraftservices.com, name=PROD]
[11:56:20] [ServerMain/INFO]: Found new data pack file/bukkit, loading it automatically
[11:56:20] [ServerMain/INFO]: Found new data pack paper, loading it automatically
[11:56:21] [Paper Plugin Remapper Thread - 1/INFO]: [ReobfServer] Done remapping server in 7482ms.
[11:56:21] [ServerMain/INFO]: No existing world data, creating new world
[11:56:22] [ServerMain/INFO]: Loaded 1370 recipes
[11:56:22] [ServerMain/INFO]: Loaded 1481 advancements
[11:56:22] [ServerMain/INFO]: [MCTypeRegistry] Initialising converters for DataConverter...
[11:56:22] [ServerMain/INFO]: [MCTypeRegistry] Finished initialising converters for DataConverter in 263.0ms
[11:56:22] [Server thread/INFO]: Starting minecraft server version 1.21.4
[11:56:22] [Server thread/INFO]: Loading properties
[11:56:23] [Server thread/INFO]: This server is running Paper version 1.21.4-232-ver/1.21.4@12d8fe0 (2025-06-09T10:15:42Z) (Implementing API version 1.21.4-R0.1-SNAPSHOT)
[11:56:23] [Server thread/INFO]: [spark] This server bundles the spark profiler. For more information please visit https://docs.papermc.io/paper/profiling
[11:56:23] [Server thread/INFO]: Server Ping Player Sample Count: 12
[11:56:23] [Server thread/INFO]: Using 4 threads for Netty based IO
[11:56:23] [Server thread/INFO]: [MoonriseCommon] Paper is using 1 worker threads, 1 I/O threads
[11:56:23] [Server thread/INFO]: [ChunkTaskScheduler] Chunk system is using population gen parallelism: true
[11:56:24] [Server thread/INFO]: Default game type: SURVIVAL
[11:56:24] [Server thread/INFO]: Generating keypair
[11:56:24] [Server thread/INFO]: Starting Minecraft server on *:25565
[11:56:24] [Server thread/INFO]: Using epoll channel type
[11:56:24] [Server thread/INFO]: Paper: Using libdeflate (Linux x86_64) compression from Velocity.
[11:56:24] [Server thread/INFO]: Paper: Using OpenSSL 3.x.x (Linux x86_64) cipher from Velocity.
[11:56:24] [Server thread/INFO]: Preparing level "world"
[11:56:34] [Server thread/INFO]: Preparing start region for dimension minecraft:overworld
[11:56:34] [Server thread/INFO]: Preparing spawn area: 2%
[11:56:34] [Server thread/INFO]: Preparing spawn area: 2%
[11:56:35] [Server thread/INFO]: Preparing spawn area: 2%
[11:56:35] [Server thread/INFO]: Preparing spawn area: 2%
[11:56:36] [Server thread/INFO]: Preparing spawn area: 18%
[11:56:36] [Server thread/INFO]: Preparing spawn area: 18%
[11:56:37] [Server thread/INFO]: Preparing spawn area: 20%
[11:56:37] [Server thread/INFO]: Preparing spawn area: 34%
[11:56:38] [Server thread/INFO]: Preparing spawn area: 51%
[11:56:38] [Server thread/INFO]: Preparing spawn area: 59%
[11:56:39] [Server thread/INFO]: Preparing spawn area: 59%
[11:56:39] [Server thread/INFO]: Preparing spawn area: 61%
[11:56:39] [Server thread/INFO]: Time elapsed: 5540 ms
[11:56:39] [Server thread/INFO]: Preparing start region for dimension minecraft:the_nether
[11:56:39] [Server thread/INFO]: Preparing spawn area: 2%
[11:56:40] [Server thread/INFO]: Preparing spawn area: 2%
[11:56:40] [Server thread/INFO]: Preparing spawn area: 26%
[11:56:41] [Server thread/INFO]: Preparing spawn area: 67%
[11:56:41] [Server thread/INFO]: Time elapsed: 1774 ms
[11:56:41] [Server thread/INFO]: Preparing start region for dimension minecraft:the_end
[11:56:41] [Server thread/INFO]: Preparing spawn area: 2%
[11:56:42] [Server thread/INFO]: Time elapsed: 452 ms
[11:56:42] [Server thread/INFO]: [spark] Starting background profiler...
[11:56:43] [Server thread/INFO]: Done preparing level "world" (18.651s)
[11:56:43] [Server thread/INFO]: Running delayed init tasks
[11:56:43] [Server thread/INFO]: Done (30.929s)! For help, type "help"
[11:56:43] [Server thread/INFO]: *************************************************************************************
[11:56:43] [Server thread/INFO]: This is the first time you're starting this server.
[11:56:43] [Server thread/INFO]: It's recommended you read our 'Getting Started' documentation for guidance.
[11:56:43] [Server thread/INFO]: View this and more helpful information here: https://docs.papermc.io/paper/next-steps
[11:56:43] [Server thread/INFO]: *************************************************************************************
